        -:    0:Source:dominion.c
        -:    0:Graph:dominion.gcno
        -:    0:Data:dominion.gcda
        -:    0:Runs:3
        -:    0:Programs:3
        -:    1:#include "dominion.h"
        -:    2:#include "dominion_helpers.h"
        -:    3:#include "rngs.h"
        -:    4:#include <stdio.h>
        -:    5:#include <math.h>
        -:    6:#include <stdlib.h>
        -:    7:
function compare called 93382020 returned 100% blocks executed 100%
 93382020:    8:int compare(const void* a, const void* b) {
 93382020:    9:    if (*(int*)a > *(int*)b)
branch  0 taken 1% (fallthrough)
branch  1 taken 99%
    45588:   10:        return 1;
 93336432:   11:    if (*(int*)a < *(int*)b)
branch  0 taken 27% (fallthrough)
branch  1 taken 73%
 24916392:   12:        return -1;
 68420040:   13:    return 0;
        -:   14:}
        -:   15:
function newGame called 0 returned 0% blocks executed 0%
    #####:   16:struct gameState* newGame() {
    #####:   17:    struct gameState* g = malloc(sizeof(struct gameState));
    #####:   18:    return g;
        -:   19:}
        -:   20:
function kingdomCards called 0 returned 0% blocks executed 0%
    #####:   21:int* kingdomCards(int k1, int k2, int k3, int k4, int k5, int k6, int k7,
        -:   22:                  int k8, int k9, int k10) {
    #####:   23:    int* k = malloc(10 * sizeof(int));
    #####:   24:    k[0] = k1;
    #####:   25:    k[1] = k2;
    #####:   26:    k[2] = k3;
    #####:   27:    k[3] = k4;
    #####:   28:    k[4] = k5;
    #####:   29:    k[5] = k6;
    #####:   30:    k[6] = k7;
    #####:   31:    k[7] = k8;
    #####:   32:    k[8] = k9;
    #####:   33:    k[9] = k10;
    #####:   34:    return k;
        -:   35:}
        -:   36:
function initializeGame called 2073550 returned 100% blocks executed 95%
  2073550:   37:int initializeGame(int numPlayers, int kingdomCards[10], int randomSeed,
        -:   38:                   struct gameState *state) {
        -:   39:    int i;
        -:   40:    int j;
        -:   41:    int it;
        -:   42:
        -:   43:    //set up random number generator
  2073550:   44:    SelectStream(1);
call    0 returned 100%
  2073550:   45:    PutSeed((long)randomSeed);
call    0 returned 100%
        -:   46:
        -:   47:    //check number of players
  2073550:   48:    if (numPlayers > MAX_PLAYERS || numPlayers < 2)
branch  0 taken 100% (fallthrough)
branch  1 taken 0%
branch  2 taken 0% (fallthrough)
branch  3 taken 100%
        -:   49:    {
    #####:   50:        return -1;
        -:   51:    }
        -:   52:
        -:   53:    //set number of players
  2073550:   54:    state->numPlayers = numPlayers;
        -:   55:
        -:   56:    //check selected kingdom cards are different
 22809050:   57:    for (i = 0; i < 10; i++)
branch  0 taken 91%
branch  1 taken 9% (fallthrough)
        -:   58:    {
228090500:   59:        for (j = 0; j < 10; j++)
branch  0 taken 91%
branch  1 taken 9% (fallthrough)
        -:   60:        {
207355000:   61:            if (j != i && kingdomCards[j] == kingdomCards[i])
branch  0 taken 90% (fallthrough)
branch  1 taken 10%
branch  2 taken 0% (fallthrough)
branch  3 taken 100%
        -:   62:            {
    #####:   63:                return -1;
        -:   64:            }
        -:   65:        }
        -:   66:    }
        -:   67:
        -:   68:
        -:   69:    //initialize supply
        -:   70:    ///////////////////////////////
        -:   71:
        -:   72:    //set number of Curse cards
  2073550:   73:    if (numPlayers == 2)
branch  0 taken 33% (fallthrough)
branch  1 taken 67%
        -:   74:    {
   691948:   75:        state->supplyCount[curse] = 10;
        -:   76:    }
  1381602:   77:    else if (numPlayers == 3)
branch  0 taken 50% (fallthrough)
branch  1 taken 50%
        -:   78:    {
   690892:   79:        state->supplyCount[curse] = 20;
        -:   80:    }
        -:   81:    else
        -:   82:    {
   690710:   83:        state->supplyCount[curse] = 30;
        -:   84:    }
        -:   85:
        -:   86:    //set number of Victory cards
  2073550:   87:    if (numPlayers == 2)
branch  0 taken 33% (fallthrough)
branch  1 taken 67%
        -:   88:    {
   691948:   89:        state->supplyCount[estate] = 8;
   691948:   90:        state->supplyCount[duchy] = 8;
   691948:   91:        state->supplyCount[province] = 8;
        -:   92:    }
        -:   93:    else
        -:   94:    {
  1381602:   95:        state->supplyCount[estate] = 12;
  1381602:   96:        state->supplyCount[duchy] = 12;
  1381602:   97:        state->supplyCount[province] = 12;
        -:   98:    }
        -:   99:
        -:  100:    //set number of Treasure cards
  2073550:  101:    state->supplyCount[copper] = 60 - (7 * numPlayers);
  2073550:  102:    state->supplyCount[silver] = 40;
  2073550:  103:    state->supplyCount[gold] = 30;
        -:  104:
        -:  105:    //set number of Kingdom cards
 43544550:  106:    for (i = adventurer; i <= treasure_map; i++)       	//loop all cards
branch  0 taken 95%
branch  1 taken 5% (fallthrough)
        -:  107:    {
342135750:  108:        for (j = 0; j < 10; j++)           		//loop chosen cards
branch  0 taken 94%
branch  1 taken 6% (fallthrough)
        -:  109:        {
321400250:  110:            if (kingdomCards[j] == i)
branch  0 taken 6% (fallthrough)
branch  1 taken 94%
        -:  111:            {
        -:  112:                //check if card is a 'Victory' Kingdom card
 20735500:  113:                if (kingdomCards[j] == great_hall || kingdomCards[j] == gardens)
branch  0 taken 90% (fallthrough)
branch  1 taken 10%
branch  2 taken 11% (fallthrough)
branch  3 taken 89%
        -:  114:                {
  8294200:  115:                    if (numPlayers == 2) {
branch  0 taken 33% (fallthrough)
branch  1 taken 67%
  1383896:  116:                        state->supplyCount[i] = 8;
        -:  117:                    }
        -:  118:                    else {
  2763204:  119:                        state->supplyCount[i] = 12;
        -:  120:                    }
        -:  121:                }
        -:  122:                else
        -:  123:                {
 16588400:  124:                    state->supplyCount[i] = 10;
        -:  125:                }
 20735500:  126:                break;
        -:  127:            }
        -:  128:            else    //card is not in the set choosen for the game
        -:  129:            {
300664750:  130:                state->supplyCount[i] = -1;
        -:  131:            }
        -:  132:        }
        -:  133:
        -:  134:    }
        -:  135:
        -:  136:    ////////////////////////
        -:  137:    //supply intilization complete
        -:  138:
        -:  139:    //set player decks
  8292962:  140:    for (i = 0; i < numPlayers; i++)
branch  0 taken 75%
branch  1 taken 25% (fallthrough)
        -:  141:    {
  6219412:  142:        state->deckCount[i] = 0;
 24877648:  143:        for (j = 0; j < 3; j++)
branch  0 taken 75%
branch  1 taken 25% (fallthrough)
        -:  144:        {
 18658236:  145:            state->deck[i][j] = estate;
 18658236:  146:            state->deckCount[i]++;
        -:  147:        }
 49755296:  148:        for (j = 3; j < 10; j++)
branch  0 taken 88%
branch  1 taken 13% (fallthrough)
        -:  149:        {
 43535884:  150:            state->deck[i][j] = copper;
 43535884:  151:            state->deckCount[i]++;
        -:  152:        }
        -:  153:    }
        -:  154:
        -:  155:    //shuffle player decks
  8292962:  156:    for (i = 0; i < numPlayers; i++)
branch  0 taken 75%
branch  1 taken 25% (fallthrough)
        -:  157:    {
  6219412:  158:        if ( shuffle(i, state) < 0 )
call    0 returned 100%
branch  1 taken 0% (fallthrough)
branch  2 taken 100%
        -:  159:        {
    #####:  160:            return -1;
        -:  161:        }
        -:  162:    }
        -:  163:
        -:  164:    //draw player hands
  8292962:  165:    for (i = 0; i < numPlayers; i++)
branch  0 taken 75%
branch  1 taken 25% (fallthrough)
        -:  166:    {
        -:  167:        //initialize hand size to zero
  6219412:  168:        state->handCount[i] = 0;
  6219412:  169:        state->discardCount[i] = 0;
        -:  170:        //draw 5 cards
        -:  171:        // for (j = 0; j < 5; j++)
        -:  172:        //	{
        -:  173:        //	  drawCard(i, state);
        -:  174:        //	}
        -:  175:    }
        -:  176:
        -:  177:    //set embargo tokens to 0 for all supply piles
 58059400:  178:    for (i = 0; i <= treasure_map; i++)
branch  0 taken 96%
branch  1 taken 4% (fallthrough)
        -:  179:    {
 55985850:  180:        state->embargoTokens[i] = 0;
        -:  181:    }
        -:  182:
        -:  183:    //initialize first player's turn
  2073550:  184:    state->outpostPlayed = 0;
  2073550:  185:    state->phase = 0;
  2073550:  186:    state->numActions = 1;
  2073550:  187:    state->numBuys = 1;
  2073550:  188:    state->playedCardCount = 0;
  2073550:  189:    state->whoseTurn = 0;
  2073550:  190:    state->handCount[state->whoseTurn] = 0;
        -:  191:    //int it; move to top
        -:  192:
        -:  193:    //Moved draw cards to here, only drawing at the start of a turn
 12441300:  194:    for (it = 0; it < 5; it++) {
branch  0 taken 83%
branch  1 taken 17% (fallthrough)
 10367750:  195:        drawCard(state->whoseTurn, state);
call    0 returned 100%
        -:  196:    }
        -:  197:
  2073550:  198:    updateCoins(state->whoseTurn, state, 0);
call    0 returned 100%
        -:  199:
  2073550:  200:    return 0;
        -:  201:}
        -:  202:
function shuffle called 6297823 returned 100% blocks executed 94%
  6297823:  203:int shuffle(int player, struct gameState *state) {
        -:  204:
        -:  205:
        -:  206:    int newDeck[MAX_DECK];
  6297823:  207:    int newDeckPos = 0;
        -:  208:    int card;
        -:  209:    int i;
        -:  210:
  6297823:  211:    if (state->deckCount[player] < 1)
branch  0 taken 0% (fallthrough)
branch  1 taken 100%
    #####:  212:        return -1;
  6297823:  213:    qsort ((void*)(state->deck[player]), state->deckCount[player], sizeof(int), compare);
call    0 returned 100%
        -:  214:    /* SORT CARDS IN DECK TO ENSURE DETERMINISM! */
        -:  215:
 74946595:  216:    while (state->deckCount[player] > 0) {
branch  0 taken 91%
branch  1 taken 9% (fallthrough)
 62350949:  217:        card = floor(Random() * state->deckCount[player]);
call    0 returned 100%
 62350949:  218:        newDeck[newDeckPos] = state->deck[player][card];
 62350949:  219:        newDeckPos++;
228253492:  220:        for (i = card; i < state->deckCount[player]-1; i++) {
branch  0 taken 73%
branch  1 taken 27% (fallthrough)
165902543:  221:            state->deck[player][i] = state->deck[player][i+1];
        -:  222:        }
 62350949:  223:        state->deckCount[player]--;
        -:  224:    }
 68648772:  225:    for (i = 0; i < newDeckPos; i++) {
branch  0 taken 91%
branch  1 taken 9% (fallthrough)
 62350949:  226:        state->deck[player][i] = newDeck[i];
 62350949:  227:        state->deckCount[player]++;
        -:  228:    }
        -:  229:
  6297823:  230:    return 0;
        -:  231:}
        -:  232:
function playCard called 0 returned 0% blocks executed 0%
    #####:  233:int playCard(int handPos, int choice1, int choice2, int choice3, struct gameState *state)
        -:  234:{
        -:  235:    int card;
    #####:  236:    int coin_bonus = 0; 		//tracks coins gain from actions
        -:  237:
        -:  238:    //check if it is the right phase
    #####:  239:    if (state->phase != 0)
branch  0 never executed
branch  1 never executed
        -:  240:    {
    #####:  241:        return -1;
        -:  242:    }
        -:  243:
        -:  244:    //check if player has enough actions
    #####:  245:    if ( state->numActions < 1 )
branch  0 never executed
branch  1 never executed
        -:  246:    {
    #####:  247:        return -1;
        -:  248:    }
        -:  249:
        -:  250:    //get card played
    #####:  251:    card = handCard(handPos, state);
call    0 never executed
        -:  252:
        -:  253:    //check if selected card is an action
    #####:  254:    if ( card < adventurer || card > treasure_map )
branch  0 never executed
branch  1 never executed
branch  2 never executed
branch  3 never executed
        -:  255:    {
    #####:  256:        return -1;
        -:  257:    }
        -:  258:
        -:  259:    //play card
    #####:  260:    if ( cardEffect(card, choice1, choice2, choice3, state, handPos, &coin_bonus) < 0 )
call    0 never executed
branch  1 never executed
branch  2 never executed
        -:  261:    {
    #####:  262:        return -1;
        -:  263:    }
        -:  264:
        -:  265:    //reduce number of actions
    #####:  266:    state->numActions--;
        -:  267:
        -:  268:    //update coins (Treasure cards may be added with card draws)
    #####:  269:    updateCoins(state->whoseTurn, state, coin_bonus);
call    0 never executed
        -:  270:
    #####:  271:    return 0;
        -:  272:}
        -:  273:
function buyCard called 0 returned 0% blocks executed 0%
    #####:  274:int buyCard(int supplyPos, struct gameState *state) {
        -:  275:    int who;
        -:  276:    if (DEBUG) {
        -:  277:        printf("Entering buyCard...\n");
        -:  278:    }
        -:  279:
        -:  280:    // I don't know what to do about the phase thing.
        -:  281:
    #####:  282:    who = state->whoseTurn;
        -:  283:
    #####:  284:    if (state->numBuys < 1) {
branch  0 never executed
branch  1 never executed
        -:  285:        if (DEBUG)
        -:  286:            printf("You do not have any buys left\n");
    #####:  287:        return -1;
    #####:  288:    } else if (supplyCount(supplyPos, state) <1) {
call    0 never executed
branch  1 never executed
branch  2 never executed
        -:  289:        if (DEBUG)
        -:  290:            printf("There are not any of that type of card left\n");
    #####:  291:        return -1;
    #####:  292:    } else if (state->coins < getCost(supplyPos)) {
call    0 never executed
branch  1 never executed
branch  2 never executed
        -:  293:        if (DEBUG)
        -:  294:            printf("You do not have enough money to buy that. You have %d coins.\n", state->coins);
    #####:  295:        return -1;
        -:  296:    } else {
    #####:  297:        state->phase=1;
        -:  298:        //state->supplyCount[supplyPos]--;
    #####:  299:        gainCard(supplyPos, state, 0, who); //card goes in discard, this might be wrong.. (2 means goes into hand, 0 goes into discard)
call    0 never executed
        -:  300:
    #####:  301:        state->coins = (state->coins) - (getCost(supplyPos));
call    0 never executed
    #####:  302:        state->numBuys--;
        -:  303:        if (DEBUG)
        -:  304:            printf("You bought card number %d for %d coins. You now have %d buys and %d coins.\n", supplyPos, getCost(supplyPos), state->numBuys, state->coins);
        -:  305:    }
        -:  306:
        -:  307:    //state->discard[who][state->discardCount[who]] = supplyPos;
        -:  308:    //state->discardCount[who]++;
        -:  309:
    #####:  310:    return 0;
        -:  311:}
        -:  312:
function numHandCards called 747834 returned 100% blocks executed 100%
   747834:  313:int numHandCards(struct gameState *state) {
   747834:  314:    return state->handCount[ whoseTurn(state) ];
call    0 returned 100%
        -:  315:}
        -:  316:
function handCard called 0 returned 0% blocks executed 0%
    #####:  317:int handCard(int handPos, struct gameState *state) {
    #####:  318:    int currentPlayer = whoseTurn(state);
call    0 never executed
    #####:  319:    return state->hand[currentPlayer][handPos];
        -:  320:}
        -:  321:
function supplyCount called 1669227 returned 100% blocks executed 100%
  1669227:  322:int supplyCount(int card, struct gameState *state) {
  1669227:  323:    return state->supplyCount[card];
        -:  324:}
        -:  325:
function fullDeckCount called 0 returned 0% blocks executed 0%
    #####:  326:int fullDeckCount(int player, int card, struct gameState *state) {
        -:  327:    int i;
    #####:  328:    int count = 0;
        -:  329:
    #####:  330:    for (i = 0; i < state->deckCount[player]; i++)
branch  0 never executed
branch  1 never executed
        -:  331:    {
    #####:  332:        if (state->deck[player][i] == card) count++;
branch  0 never executed
branch  1 never executed
        -:  333:    }
        -:  334:
    #####:  335:    for (i = 0; i < state->handCount[player]; i++)
branch  0 never executed
branch  1 never executed
        -:  336:    {
    #####:  337:        if (state->hand[player][i] == card) count++;
branch  0 never executed
branch  1 never executed
        -:  338:    }
        -:  339:
    #####:  340:    for (i = 0; i < state->discardCount[player]; i++)
branch  0 never executed
branch  1 never executed
        -:  341:    {
    #####:  342:        if (state->discard[player][i] == card) count++;
branch  0 never executed
branch  1 never executed
        -:  343:    }
        -:  344:
    #####:  345:    return count;
        -:  346:}
        -:  347:
function whoseTurn called 747834 returned 100% blocks executed 100%
   747834:  348:int whoseTurn(struct gameState *state) {
   747834:  349:    return state->whoseTurn;
        -:  350:}
        -:  351:
function endTurn called 0 returned 0% blocks executed 0%
    #####:  352:int endTurn(struct gameState *state) {
        -:  353:    int k;
        -:  354:    int i;
    #####:  355:    int currentPlayer = whoseTurn(state);
call    0 never executed
        -:  356:
        -:  357:    //Discard hand
    #####:  358:    for (i = 0; i < state->handCount[currentPlayer]; i++) {
branch  0 never executed
branch  1 never executed
    #####:  359:        state->discard[currentPlayer][state->discardCount[currentPlayer]++] = state->hand[currentPlayer][i];//Discard
    #####:  360:        state->hand[currentPlayer][i] = -1;//Set card to -1
        -:  361:    }
    #####:  362:    state->handCount[currentPlayer] = 0;//Reset hand count
        -:  363:
        -:  364:    //Code for determining the player
    #####:  365:    if (currentPlayer < (state->numPlayers - 1)) {
branch  0 never executed
branch  1 never executed
    #####:  366:        state->whoseTurn = currentPlayer + 1;//Still safe to increment
        -:  367:    }
        -:  368:    else {
    #####:  369:        state->whoseTurn = 0;//Max player has been reached, loop back around to player 1
        -:  370:    }
        -:  371:
    #####:  372:    state->outpostPlayed = 0;
    #####:  373:    state->phase = 0;
    #####:  374:    state->numActions = 1;
    #####:  375:    state->coins = 0;
    #####:  376:    state->numBuys = 1;
    #####:  377:    state->playedCardCount = 0;
    #####:  378:    state->handCount[state->whoseTurn] = 0;
        -:  379:
        -:  380:    //int k; move to top
        -:  381:    //Next player draws hand
    #####:  382:    for (k = 0; k < 5; k++) {
branch  0 never executed
branch  1 never executed
    #####:  383:        drawCard(state->whoseTurn, state);//Draw a card
call    0 never executed
        -:  384:    }
        -:  385:
        -:  386:    //Update money
    #####:  387:    updateCoins(state->whoseTurn, state, 0);
call    0 never executed
        -:  388:
    #####:  389:    return 0;
        -:  390:}
        -:  391:
function isGameOver called 0 returned 0% blocks executed 0%
    #####:  392:int isGameOver(struct gameState *state) {
        -:  393:    int i;
        -:  394:    int j;
        -:  395:
        -:  396:    //if stack of Province cards is empty, the game ends
    #####:  397:    if (state->supplyCount[province] == 0)
branch  0 never executed
branch  1 never executed
        -:  398:    {
    #####:  399:        return 1;
        -:  400:    }
        -:  401:
        -:  402:    //if three supply pile are at 0, the game ends
    #####:  403:    j = 0;
    #####:  404:    for (i = 0; i < 25; i++)
branch  0 never executed
branch  1 never executed
        -:  405:    {
    #####:  406:        if (state->supplyCount[i] == 0)
branch  0 never executed
branch  1 never executed
        -:  407:        {
    #####:  408:            j++;
        -:  409:        }
        -:  410:    }
    #####:  411:    if ( j >= 3)
branch  0 never executed
branch  1 never executed
        -:  412:    {
    #####:  413:        return 1;
        -:  414:    }
        -:  415:
    #####:  416:    return 0;
        -:  417:}
        -:  418:
function scoreFor called 0 returned 0% blocks executed 0%
    #####:  419:int scoreFor (int player, struct gameState *state) {
        -:  420:
        -:  421:    int i;
    #####:  422:    int score = 0;
        -:  423:    //score from hand
    #####:  424:    for (i = 0; i < state->handCount[player]; i++)
branch  0 never executed
branch  1 never executed
        -:  425:    {
    #####:  426:        if (state->hand[player][i] == curse) {
branch  0 never executed
branch  1 never executed
    #####:  427:            score = score - 1;
        -:  428:        };
    #####:  429:        if (state->hand[player][i] == estate) {
branch  0 never executed
branch  1 never executed
    #####:  430:            score = score + 1;
        -:  431:        };
    #####:  432:        if (state->hand[player][i] == duchy) {
branch  0 never executed
branch  1 never executed
    #####:  433:            score = score + 3;
        -:  434:        };
    #####:  435:        if (state->hand[player][i] == province) {
branch  0 never executed
branch  1 never executed
    #####:  436:            score = score + 6;
        -:  437:        };
    #####:  438:        if (state->hand[player][i] == great_hall) {
branch  0 never executed
branch  1 never executed
    #####:  439:            score = score + 1;
        -:  440:        };
    #####:  441:        if (state->hand[player][i] == gardens) {
branch  0 never executed
branch  1 never executed
    #####:  442:            score = score + ( fullDeckCount(player, 0, state) / 10 );
call    0 never executed
        -:  443:        };
        -:  444:    }
        -:  445:
        -:  446:    //score from discard
    #####:  447:    for (i = 0; i < state->discardCount[player]; i++)
branch  0 never executed
branch  1 never executed
        -:  448:    {
    #####:  449:        if (state->discard[player][i] == curse) {
branch  0 never executed
branch  1 never executed
    #####:  450:            score = score - 1;
        -:  451:        };
    #####:  452:        if (state->discard[player][i] == estate) {
branch  0 never executed
branch  1 never executed
    #####:  453:            score = score + 1;
        -:  454:        };
    #####:  455:        if (state->discard[player][i] == duchy) {
branch  0 never executed
branch  1 never executed
    #####:  456:            score = score + 3;
        -:  457:        };
    #####:  458:        if (state->discard[player][i] == province) {
branch  0 never executed
branch  1 never executed
    #####:  459:            score = score + 6;
        -:  460:        };
    #####:  461:        if (state->discard[player][i] == great_hall) {
branch  0 never executed
branch  1 never executed
    #####:  462:            score = score + 1;
        -:  463:        };
    #####:  464:        if (state->discard[player][i] == gardens) {
branch  0 never executed
branch  1 never executed
    #####:  465:            score = score + ( fullDeckCount(player, 0, state) / 10 );
call    0 never executed
        -:  466:        };
        -:  467:    }
        -:  468:
        -:  469:    //score from deck
    #####:  470:    for (i = 0; i < state->discardCount[player]; i++)
branch  0 never executed
branch  1 never executed
        -:  471:    {
    #####:  472:        if (state->deck[player][i] == curse) {
branch  0 never executed
branch  1 never executed
    #####:  473:            score = score - 1;
        -:  474:        };
    #####:  475:        if (state->deck[player][i] == estate) {
branch  0 never executed
branch  1 never executed
    #####:  476:            score = score + 1;
        -:  477:        };
    #####:  478:        if (state->deck[player][i] == duchy) {
branch  0 never executed
branch  1 never executed
    #####:  479:            score = score + 3;
        -:  480:        };
    #####:  481:        if (state->deck[player][i] == province) {
branch  0 never executed
branch  1 never executed
    #####:  482:            score = score + 6;
        -:  483:        };
    #####:  484:        if (state->deck[player][i] == great_hall) {
branch  0 never executed
branch  1 never executed
    #####:  485:            score = score + 1;
        -:  486:        };
    #####:  487:        if (state->deck[player][i] == gardens) {
branch  0 never executed
branch  1 never executed
    #####:  488:            score = score + ( fullDeckCount(player, 0, state) / 10 );
call    0 never executed
        -:  489:        };
        -:  490:    }
        -:  491:
    #####:  492:    return score;
        -:  493:}
        -:  494:
function getWinners called 0 returned 0% blocks executed 0%
    #####:  495:int getWinners(int players[MAX_PLAYERS], struct gameState *state) {
        -:  496:    int i;
        -:  497:    int j;
        -:  498:    int highScore;
        -:  499:    int currentPlayer;
        -:  500:
        -:  501:    //get score for each player
    #####:  502:    for (i = 0; i < MAX_PLAYERS; i++)
branch  0 never executed
branch  1 never executed
        -:  503:    {
        -:  504:        //set unused player scores to -9999
    #####:  505:        if (i >= state->numPlayers)
branch  0 never executed
branch  1 never executed
        -:  506:        {
    #####:  507:            players[i] = -9999;
        -:  508:        }
        -:  509:        else
        -:  510:        {
    #####:  511:            players[i] = scoreFor (i, state);
call    0 never executed
        -:  512:        }
        -:  513:    }
        -:  514:
        -:  515:    //find highest score
    #####:  516:    j = 0;
    #####:  517:    for (i = 0; i < MAX_PLAYERS; i++)
branch  0 never executed
branch  1 never executed
        -:  518:    {
    #####:  519:        if (players[i] > players[j])
branch  0 never executed
branch  1 never executed
        -:  520:        {
    #####:  521:            j = i;
        -:  522:        }
        -:  523:    }
    #####:  524:    highScore = players[j];
        -:  525:
        -:  526:    //add 1 to players who had less turns
    #####:  527:    currentPlayer = whoseTurn(state);
call    0 never executed
    #####:  528:    for (i = 0; i < MAX_PLAYERS; i++)
branch  0 never executed
branch  1 never executed
        -:  529:    {
    #####:  530:        if ( players[i] == highScore && i > currentPlayer )
branch  0 never executed
branch  1 never executed
branch  2 never executed
branch  3 never executed
        -:  531:        {
    #####:  532:            players[i]++;
        -:  533:        }
        -:  534:    }
        -:  535:
        -:  536:    //find new highest score
    #####:  537:    j = 0;
    #####:  538:    for (i = 0; i < MAX_PLAYERS; i++)
branch  0 never executed
branch  1 never executed
        -:  539:    {
    #####:  540:        if ( players[i] > players[j] )
branch  0 never executed
branch  1 never executed
        -:  541:        {
    #####:  542:            j = i;
        -:  543:        }
        -:  544:    }
    #####:  545:    highScore = players[j];
        -:  546:
        -:  547:    //set winners in array to 1 and rest to 0
    #####:  548:    for (i = 0; i < MAX_PLAYERS; i++)
branch  0 never executed
branch  1 never executed
        -:  549:    {
    #####:  550:        if ( players[i] == highScore )
branch  0 never executed
branch  1 never executed
        -:  551:        {
    #####:  552:            players[i] = 1;
        -:  553:        }
        -:  554:        else
        -:  555:        {
    #####:  556:            players[i] = 0;
        -:  557:        }
        -:  558:    }
        -:  559:
    #####:  560:    return 0;
        -:  561:}
        -:  562:
function drawCard called 15673140 returned 100% blocks executed 38%
 15673140:  563:int drawCard(int player, struct gameState *state)
        -:  564:{   int count;
        -:  565:    int deckCounter;
 15673140:  566:    if (state->deckCount[player] <= 0) { //Deck is empty
branch  0 taken 0% (fallthrough)
branch  1 taken 100%
        -:  567:
        -:  568:        //Step 1 Shuffle the discard pile back into a deck
        -:  569:        int i;
        -:  570:        //Move discard to deck
    #####:  571:        for (i = 0; i < state->discardCount[player]; i++) {
branch  0 never executed
branch  1 never executed
    #####:  572:            state->deck[player][i] = state->discard[player][i];
    #####:  573:            state->discard[player][i] = -1;
        -:  574:        }
        -:  575:
    #####:  576:        state->deckCount[player] = state->discardCount[player];
    #####:  577:        state->discardCount[player] = 0;//Reset discard
        -:  578:
        -:  579:        //Shufffle the deck
    #####:  580:        shuffle(player, state);//Shuffle the deck up and make it so that we can draw
call    0 never executed
        -:  581:
        -:  582:        if (DEBUG) { //Debug statements
        -:  583:            printf("Deck count now: %d\n", state->deckCount[player]);
        -:  584:        }
        -:  585:
    #####:  586:        state->discardCount[player] = 0;
        -:  587:
        -:  588:        //Step 2 Draw Card
    #####:  589:        count = state->handCount[player];//Get current player's hand count
        -:  590:
        -:  591:        if (DEBUG) { //Debug statements
        -:  592:            printf("Current hand count: %d\n", count);
        -:  593:        }
        -:  594:
    #####:  595:        deckCounter = state->deckCount[player];//Create a holder for the deck count
        -:  596:
    #####:  597:        if (deckCounter == 0)
branch  0 never executed
branch  1 never executed
    #####:  598:            return -1;
        -:  599:
    #####:  600:        state->hand[player][count] = state->deck[player][deckCounter - 1];//Add card to hand
    #####:  601:        state->deckCount[player]--;
    #####:  602:        state->handCount[player]++;//Increment hand count
        -:  603:    }
        -:  604:
        -:  605:    else {
 15673140:  606:        int count = state->handCount[player];//Get current hand count for player
        -:  607:        int deckCounter;
        -:  608:        if (DEBUG) { //Debug statements
        -:  609:            printf("Current hand count: %d\n", count);
        -:  610:        }
        -:  611:
 15673140:  612:        deckCounter = state->deckCount[player];//Create holder for the deck count
 15673140:  613:        state->hand[player][count] = state->deck[player][deckCounter - 1];//Add card to the hand
 15673140:  614:        state->deckCount[player]--;
 15673140:  615:        state->handCount[player]++;//Increment hand count
        -:  616:    }
        -:  617:
 15673140:  618:    return 0;
        -:  619:}
        -:  620:
function getCost called 0 returned 0% blocks executed 0%
    #####:  621:int getCost(int cardNumber)
        -:  622:{
    #####:  623:    switch( cardNumber )
branch  0 never executed
branch  1 never executed
branch  2 never executed
branch  3 never executed
branch  4 never executed
branch  5 never executed
branch  6 never executed
branch  7 never executed
branch  8 never executed
branch  9 never executed
branch 10 never executed
branch 11 never executed
branch 12 never executed
branch 13 never executed
branch 14 never executed
branch 15 never executed
branch 16 never executed
branch 17 never executed
branch 18 never executed
branch 19 never executed
branch 20 never executed
branch 21 never executed
branch 22 never executed
branch 23 never executed
branch 24 never executed
branch 25 never executed
branch 26 never executed
branch 27 never executed
        -:  624:    {
        -:  625:    case curse:
    #####:  626:        return 0;
        -:  627:    case estate:
    #####:  628:        return 2;
        -:  629:    case duchy:
    #####:  630:        return 5;
        -:  631:    case province:
    #####:  632:        return 8;
        -:  633:    case copper:
    #####:  634:        return 0;
        -:  635:    case silver:
    #####:  636:        return 3;
        -:  637:    case gold:
    #####:  638:        return 6;
        -:  639:    case adventurer:
    #####:  640:        return 6;
        -:  641:    case council_room:
    #####:  642:        return 5;
        -:  643:    case feast:
    #####:  644:        return 4;
        -:  645:    case gardens:
    #####:  646:        return 4;
        -:  647:    case mine:
    #####:  648:        return 5;
        -:  649:    case remodel:
    #####:  650:        return 4;
        -:  651:    case smithy:
    #####:  652:        return 4;
        -:  653:    case village:
    #####:  654:        return 3;
        -:  655:    case baron:
    #####:  656:        return 4;
        -:  657:    case great_hall:
    #####:  658:        return 3;
        -:  659:    case minion:
    #####:  660:        return 5;
        -:  661:    case steward:
    #####:  662:        return 3;
        -:  663:    case tribute:
    #####:  664:        return 5;
        -:  665:    case ambassador:
    #####:  666:        return 3;
        -:  667:    case cutpurse:
    #####:  668:        return 4;
        -:  669:    case embargo:
    #####:  670:        return 2;
        -:  671:    case outpost:
    #####:  672:        return 5;
        -:  673:    case salvager:
    #####:  674:        return 4;
        -:  675:    case sea_hag:
    #####:  676:        return 4;
        -:  677:    case treasure_map:
    #####:  678:        return 4;
        -:  679:    }
        -:  680:
    #####:  681:    return -1;
        -:  682:}
        -:  683:
function doMine called 0 returned 0% blocks executed 0%
    #####:  684:int doMine(int choice1, int choice2, struct gameState *state, int handPos, int currentPlayer)
        -:  685:{
        -:  686:    int i;
        -:  687:    int j;
        -:  688:
    #####:  689:    j = state->hand[currentPlayer][choice1];  //store card we will trash
        -:  690:
    #####:  691:    if (/*state->hand[currentPlayer][choice1] < copper ||*/ state->hand[currentPlayer][choice1] > gold)
branch  0 never executed
branch  1 never executed
        -:  692:    {
    #####:  693:        return -1;
        -:  694:    }
        -:  695:
    #####:  696:    if (choice2 > treasure_map || choice2 < curse)
branch  0 never executed
branch  1 never executed
branch  2 never executed
branch  3 never executed
        -:  697:    {
    #####:  698:        return -1;
        -:  699:    }
        -:  700:
    #####:  701:    if ( (getCost(state->hand[currentPlayer][choice1]) + 3) > getCost(choice2) )
call    0 never executed
call    1 never executed
branch  2 never executed
branch  3 never executed
        -:  702:    {
    #####:  703:        return -1;
        -:  704:    }
        -:  705:
        -:  706:    //gainCard(choice2, state, 2, currentPlayer);
        -:  707:
        -:  708:    //discard card from hand
    #####:  709:    discardCard(handPos, currentPlayer, state, 0);
call    0 never executed
        -:  710:
        -:  711:    //discard trashed card
    #####:  712:    for (i = 0; i < state->handCount[currentPlayer]; i++)
branch  0 never executed
branch  1 never executed
        -:  713:    {
    #####:  714:        if (state->hand[currentPlayer][i] == j)
branch  0 never executed
branch  1 never executed
        -:  715:        {
    #####:  716:            discardCard(i, currentPlayer, state, 0);
call    0 never executed
    #####:  717:            break;
        -:  718:        }
        -:  719:    }
        -:  720:
    #####:  721:    return 0;
        -:  722:}
        -:  723:
function getEstateCard called 556409 returned 100% blocks executed 86%
   556409:  724:void getEstateCard(struct gameState *state, int currentPlayer)
        -:  725:{
   556409:  726:    if (supplyCount(estate, state) > 0) {
call    0 returned 100%
branch  1 taken 100% (fallthrough)
branch  2 taken 0%
   556409:  727:        gainCard(estate, state, 0, currentPlayer);//Gain an estate
call    0 returned 100%
        -:  728:
   556409:  729:        state->supplyCount[estate]--;//Decrement Estates
   556409:  730:        if (supplyCount(estate, state) == 0) {
call    0 returned 100%
branch  1 taken 0% (fallthrough)
branch  2 taken 100%
    #####:  731:            isGameOver(state);
call    0 never executed
        -:  732:        }
        -:  733:    }
   556409:  734:}
        -:  735:
function doBaron called 647059 returned 100% blocks executed 100%
   647059:  736:void doBaron(int choice1, struct gameState *state, int currentPlayer)
        -:  737:{
   647059:  738:    state->numBuys++;//Increase buys by 1!
   647059:  739:    state->numBuys++;//Increase buys by 1!
   647059:  740:    if (choice1 > 0) { //Boolean true or going to discard an estate
branch  0 taken 50% (fallthrough)
branch  1 taken 50%
   322771:  741:        int p = 1; //0;//Iterator for hand!
   322771:  742:        int card_not_discarded = 1;//Flag for discard set!
  1333592:  743:        while(card_not_discarded) {
branch  0 taken 68%
branch  1 taken 32% (fallthrough)
   688050:  744:            if (state->hand[currentPlayer][p] == estate) { //Found an estate card!
branch  0 taken 13% (fallthrough)
branch  1 taken 87%
    90650:  745:                state->coins += 4;//Add 4 coins to the amount of coins
    90650:  746:                state->discard[currentPlayer][state->discardCount[currentPlayer]] = state->hand[currentPlayer][p];
    90650:  747:                state->discardCount[currentPlayer]++;
   247791:  748:                for (; p < state->handCount[currentPlayer]; p++) {
branch  0 taken 63%
branch  1 taken 37% (fallthrough)
   157141:  749:                    state->hand[currentPlayer][p] = state->hand[currentPlayer][p+1];
        -:  750:                }
    90650:  751:                state->hand[currentPlayer][state->handCount[currentPlayer]] = -1;
    90650:  752:                state->handCount[currentPlayer]--;
    90650:  753:                card_not_discarded = 0;//Exit the loop
        -:  754:            }
   597400:  755:            else if (p > state->handCount[currentPlayer]) {
branch  0 taken 39% (fallthrough)
branch  1 taken 61%
        -:  756:                if(DEBUG) {
        -:  757:                    printf("No estate cards in your hand, invalid choice\n");
        -:  758:                    printf("Must gain an estate if there are any\n");
        -:  759:                }
   232121:  760:                getEstateCard(state, currentPlayer);
call    0 returned 100%
   232121:  761:                card_not_discarded = 0;//Exit the loop
        -:  762:            }
        -:  763:
        -:  764:            else {
   365279:  765:                p++;//Next card
        -:  766:            }
        -:  767:        }
        -:  768:    }
        -:  769:
        -:  770:    else {
   324288:  771:        getEstateCard(state, currentPlayer);
call    0 returned 100%
        -:  772:    }
   647059:  773:}
        -:  774:
function doMinion called 720681 returned 100% blocks executed 100%
   720681:  775:void doMinion(int choice1, int choice2, struct gameState *state, int handPos, int currentPlayer)
        -:  776:{
        -:  777:    int i;
        -:  778:    int j;
        -:  779:
        -:  780:    //+1 action
   720681:  781:    state->numActions++;
        -:  782:
        -:  783:    //discard card from hand
   720681:  784:    discardCard(handPos, currentPlayer, state, 0);
call    0 returned 100%
        -:  785:
   720681:  786:    if (choice1)
branch  0 taken 50% (fallthrough)
branch  1 taken 50%
        -:  787:    {
   361452:  788:        state->coins = state->coins + 2;
        -:  789:    }
   359229:  790:    else if (choice2)		//discard hand, redraw 4, other players with 5+ cards discard hand and draw 4
branch  0 taken 100% (fallthrough)
branch  1 taken 0%
        -:  791:    {
        -:  792:        //discard hand
  1107063:  793:        while(numHandCards(state) > 1 /*0*/)
call    0 returned 100%
branch  1 taken 52%
branch  2 taken 48% (fallthrough)
        -:  794:        {
   388605:  795:            discardCard(handPos, currentPlayer, state, 0);
call    0 returned 100%
        -:  796:        }
        -:  797:
        -:  798:        //draw 4
  1796145:  799:        for (i = 0; i < 4; i++)
branch  0 taken 80%
branch  1 taken 20% (fallthrough)
        -:  800:        {
  1436916:  801:            drawCard(currentPlayer, state);
call    0 returned 100%
        -:  802:        }
        -:  803:
        -:  804:        //other players discard hand and redraw if hand size > 4
  1436917:  805:        for (i = 0; i < state->numPlayers; i++)
branch  0 taken 75%
branch  1 taken 25% (fallthrough)
        -:  806:        {
  1077688:  807:            if (i != currentPlayer)
branch  0 taken 67% (fallthrough)
branch  1 taken 33%
        -:  808:            {
        -:  809:                //if ( state->handCount[i] > 4 )
        -:  810:                {
        -:  811:                    //discard hand
  4671315:  812:                    while( state->handCount[i] > 0 )
branch  0 taken 82%
branch  1 taken 18% (fallthrough)
        -:  813:                    {
  3234397:  814:                        discardCard(handPos, i, state, 0);
call    0 returned 100%
        -:  815:                    }
        -:  816:
        -:  817:                    //draw 4
  3592295:  818:                    for (j = 0; j < 4; j++)
branch  0 taken 80%
branch  1 taken 20% (fallthrough)
        -:  819:                    {
  2873836:  820:                        drawCard(i, state);
call    0 returned 100%
        -:  821:                    }
        -:  822:                }
        -:  823:            }
        -:  824:        }
        -:  825:    }
   720681:  826:}
        -:  827:
function doTribute called 705810 returned 100% blocks executed 100%
   705810:  828:void doTribute(struct gameState *state, int currentPlayer, int nextPlayer, int tributeRevealedCards[2])
        -:  829:{
        -:  830:    int i;
        -:  831:
   705810:  832:    if ((state->discardCount[nextPlayer] + state->deckCount[nextPlayer]) <= 1) {
branch  0 taken 8% (fallthrough)
branch  1 taken 92%
    58992:  833:        if (state->deckCount[nextPlayer] > 0) {
branch  0 taken 33% (fallthrough)
branch  1 taken 67%
    19584:  834:            tributeRevealedCards[0] = state->deck[nextPlayer][state->deckCount[nextPlayer]-1];
    19584:  835:            state->deckCount[nextPlayer]--;
        -:  836:        }
    39408:  837:        else if (state->discardCount[nextPlayer] > 0) {
branch  0 taken 50% (fallthrough)
branch  1 taken 50%
    19581:  838:            tributeRevealedCards[0] = state->discard[nextPlayer][state->discardCount[nextPlayer]-1];
    19581:  839:            state->discardCount[nextPlayer]--;
        -:  840:        }
        -:  841:        else {
        -:  842:            //No Card to Reveal
        -:  843:            if (DEBUG) {
        -:  844:                printf("No cards to reveal\n");
        -:  845:            }
        -:  846:        }
        -:  847:    }
        -:  848:
        -:  849:    else {
   646818:  850:        if (state->deckCount[nextPlayer] == 0) {
branch  0 taken 12% (fallthrough)
branch  1 taken 88%
   235240:  851:            for (i = 0; i < state->discardCount[nextPlayer]; i++) {
branch  0 taken 67%
branch  1 taken 33% (fallthrough)
   156829:  852:                state->deck[nextPlayer][i] = state->discard[nextPlayer][i];//Move to deck
   156829:  853:                state->deckCount[nextPlayer]++;
   156829:  854:                state->discard[nextPlayer][i] = -1;
   156829:  855:                state->discardCount[nextPlayer]--;
        -:  856:            }
        -:  857:
    78411:  858:            shuffle(nextPlayer,state);//Shuffle the deck
call    0 returned 100%
        -:  859:        }
   646818:  860:        tributeRevealedCards[0] = state->deck[nextPlayer][state->deckCount[nextPlayer]-1];
   646818:  861:        state->deck[nextPlayer][state->deckCount[nextPlayer]--] = -1;
   646818:  862:        state->deckCount[nextPlayer]--;
   646818:  863:        tributeRevealedCards[1] = state->deck[nextPlayer][state->deckCount[nextPlayer]-1];
   646818:  864:        state->deck[nextPlayer][state->deckCount[nextPlayer]--] = -1;
   646818:  865:        state->deckCount[nextPlayer]--;
        -:  866:    }
        -:  867:
   705810:  868:    if (tributeRevealedCards[0] == tributeRevealedCards[1]) { //If we have a duplicate card, just drop one
branch  0 taken 7% (fallthrough)
branch  1 taken 93%
    46711:  869:        state->playedCards[state->playedCardCount] = tributeRevealedCards[1];
    46711:  870:        state->playedCardCount++;
    46711:  871:        tributeRevealedCards[1] = -1;
        -:  872:    }
        -:  873:
  2823240:  874:    for (i = 0; i <= 2; i ++) {
branch  0 taken 75%
branch  1 taken 25% (fallthrough)
  2117430:  875:        if (tributeRevealedCards[i] == copper || tributeRevealedCards[i] == silver || tributeRevealedCards[i] == gold) { //Treasure cards
branch  0 taken 97% (fallthrough)
branch  1 taken 3%
branch  2 taken 96% (fallthrough)
branch  3 taken 4%
branch  4 taken 4% (fallthrough)
branch  5 taken 96%
   216627:  876:            state->numActions = state->numActions + 2;
        -:  877:        }
        -:  878:
  1900803:  879:        else if (tributeRevealedCards[i] == estate || tributeRevealedCards[i] == duchy || tributeRevealedCards[i] == province || tributeRevealedCards[i] == gardens || tributeRevealedCards[i] == great_hall) { //Victory Card Found
branch  0 taken 96% (fallthrough)
branch  1 taken 4%
branch  2 taken 96% (fallthrough)
branch  3 taken 4%
branch  4 taken 56% (fallthrough)
branch  5 taken 44%
branch  6 taken 93% (fallthrough)
branch  7 taken 7%
branch  8 taken 0% (fallthrough)
branch  9 taken 100%
   994638:  880:            drawCard(currentPlayer, state);
call    0 returned 100%
        -:  881:            //drawCard(currentPlayer, state);
        -:  882:        }
        -:  883:        else { //Action Card
   906165:  884:            state->coins += 2;
        -:  885:        }
        -:  886:    }
   705810:  887:}
        -:  888:
function doAmbassador called 0 returned 0% blocks executed 0%
    #####:  889:int doAmbassador(int choice1, int choice2, struct gameState *state, int handPos, int currentPlayer)
        -:  890:{
        -:  891:    int i;
        -:  892:    int j;
        -:  893:
    #####:  894:    j = 0;		//used to check if player has enough cards to discard
        -:  895:
    #####:  896:    if (choice2 > 3 || choice2 < 0)
branch  0 never executed
branch  1 never executed
branch  2 never executed
branch  3 never executed
        -:  897:    {
    #####:  898:        return -1;
        -:  899:    }
        -:  900:
        -:  901:/*
        -:  902:    if (choice1 == handPos)
        -:  903:    {
        -:  904:        return -1;
        -:  905:    }
        -:  906:    */
        -:  907:
    #####:  908:    for (i = 0; i < state->handCount[currentPlayer]; i++)
branch  0 never executed
branch  1 never executed
        -:  909:    {
    #####:  910:        if (i != handPos && i == state->hand[currentPlayer][choice1] && i != choice1)
branch  0 never executed
branch  1 never executed
branch  2 never executed
branch  3 never executed
branch  4 never executed
branch  5 never executed
        -:  911:        {
    #####:  912:            j++;
        -:  913:        }
        -:  914:    }
    #####:  915:    if (j < choice2)
branch  0 never executed
branch  1 never executed
        -:  916:    {
    #####:  917:        return -1;
        -:  918:    }
        -:  919:
        -:  920:    if (DEBUG)
        -:  921:        printf("Player %d reveals card number: %d\n", currentPlayer, state->hand[currentPlayer][choice1]);
        -:  922:
        -:  923:    //increase supply count for choosen card by amount being discarded
    #####:  924:    state->supplyCount[state->hand[currentPlayer][choice1]] += choice2;
        -:  925:
        -:  926:    //each other player gains a copy of revealed card
    #####:  927:    for (i = 0; i < state->numPlayers; i++)
branch  0 never executed
branch  1 never executed
        -:  928:    {
    #####:  929:        if (i != currentPlayer)
branch  0 never executed
branch  1 never executed
        -:  930:        {
    #####:  931:            gainCard(state->hand[currentPlayer][choice1], state, 0, i);
call    0 never executed
        -:  932:        }
        -:  933:    }
        -:  934:
        -:  935:    //discard played card from hand
    #####:  936:    discardCard(handPos, currentPlayer, state, 0);
call    0 never executed
        -:  937:
        -:  938:    //trash copies of cards returned to supply
    #####:  939:    for (j = 0; j < choice2; j++)
branch  0 never executed
branch  1 never executed
        -:  940:    {
    #####:  941:        for (i = 0; i < state->handCount[currentPlayer]; i++)
branch  0 never executed
branch  1 never executed
        -:  942:        {
    #####:  943:            if (state->hand[currentPlayer][i] == state->hand[currentPlayer][choice1])
branch  0 never executed
branch  1 never executed
        -:  944:            {
    #####:  945:                discardCard(i, currentPlayer, state, 1);
call    0 never executed
    #####:  946:                break;
        -:  947:            }
        -:  948:        }
        -:  949:    }
        -:  950:
    #####:  951:    return 0;
        -:  952:}
        -:  953:
function cardEffect called 0 returned 0% blocks executed 0%
    #####:  954:int cardEffect(int card, int choice1, int choice2, int choice3, struct gameState *state, int handPos, int *bonus)
        -:  955:{
        -:  956:    int i;
        -:  957:    int j;
        -:  958:    int k;
        -:  959:    int x;
        -:  960:    int index;
    #####:  961:    int currentPlayer = whoseTurn(state);
call    0 never executed
    #####:  962:    int nextPlayer = currentPlayer + 1;
        -:  963:
    #####:  964:    int tributeRevealedCards[2] = {-1, -1};
        -:  965:    int temphand[MAX_HAND];// moved above the if statement
    #####:  966:    int drawntreasure=0;
        -:  967:    int cardDrawn;
    #####:  968:    int z = 0;// this is the counter for the temp hand
    #####:  969:    if (nextPlayer > (state->numPlayers - 1)) {
branch  0 never executed
branch  1 never executed
    #####:  970:        nextPlayer = 0;
        -:  971:    }
        -:  972:
        -:  973:
        -:  974:    //uses switch to select card and perform actions
    #####:  975:    switch( card )
branch  0 never executed
branch  1 never executed
branch  2 never executed
branch  3 never executed
branch  4 never executed
branch  5 never executed
branch  6 never executed
branch  7 never executed
branch  8 never executed
branch  9 never executed
branch 10 never executed
branch 11 never executed
branch 12 never executed
branch 13 never executed
branch 14 never executed
branch 15 never executed
branch 16 never executed
branch 17 never executed
branch 18 never executed
branch 19 never executed
branch 20 never executed
        -:  976:    {
        -:  977:    case adventurer:
    #####:  978:        while(drawntreasure<2) {
branch  0 never executed
branch  1 never executed
    #####:  979:            if (state->deckCount[currentPlayer] <1) { //if the deck is empty we need to shuffle discard and add to deck
branch  0 never executed
branch  1 never executed
    #####:  980:                shuffle(currentPlayer, state);
call    0 never executed
        -:  981:            }
    #####:  982:            drawCard(currentPlayer, state);
call    0 never executed
    #####:  983:            cardDrawn = state->hand[currentPlayer][state->handCount[currentPlayer]-1];//top card of hand is most recently drawn card.
    #####:  984:            if (cardDrawn == copper || cardDrawn == silver || cardDrawn == gold)
branch  0 never executed
branch  1 never executed
branch  2 never executed
branch  3 never executed
branch  4 never executed
branch  5 never executed
    #####:  985:                drawntreasure++;
        -:  986:            else {
    #####:  987:                temphand[z]=cardDrawn;
    #####:  988:                state->handCount[currentPlayer]--; //this should just remove the top card (the most recently drawn one).
    #####:  989:                z++;
        -:  990:            }
        -:  991:        }
    #####:  992:        while(z-1>=0) {
branch  0 never executed
branch  1 never executed
    #####:  993:            state->discard[currentPlayer][state->discardCount[currentPlayer]++]=temphand[z-1]; // discard all cards in play that have been drawn
    #####:  994:            z=z-1;
        -:  995:        }
    #####:  996:        return 0;
        -:  997:
        -:  998:    case council_room:
        -:  999:        //+4 Cards
    #####: 1000:        for (i = 0; i < 4; i++)
branch  0 never executed
branch  1 never executed
        -: 1001:        {
    #####: 1002:            drawCard(currentPlayer, state);
call    0 never executed
        -: 1003:        }
        -: 1004:
        -: 1005:        //+1 Buy
    #####: 1006:        state->numBuys++;
        -: 1007:
        -: 1008:        //Each other player draws a card
    #####: 1009:        for (i = 0; i < state->numPlayers; i++)
branch  0 never executed
branch  1 never executed
        -: 1010:        {
    #####: 1011:            if ( i != currentPlayer )
branch  0 never executed
branch  1 never executed
        -: 1012:            {
    #####: 1013:                drawCard(i, state);
call    0 never executed
        -: 1014:            }
        -: 1015:        }
        -: 1016:
        -: 1017:        //put played card in played card pile
    #####: 1018:        discardCard(handPos, currentPlayer, state, 0);
call    0 never executed
        -: 1019:
    #####: 1020:        return 0;
        -: 1021:
        -: 1022:    case feast:
        -: 1023:        //gain card with cost up to 5
        -: 1024:        //Backup hand
    #####: 1025:        for (i = 0; i <= state->handCount[currentPlayer]; i++) {
branch  0 never executed
branch  1 never executed
    #####: 1026:            temphand[i] = state->hand[currentPlayer][i];//Backup card
    #####: 1027:            state->hand[currentPlayer][i] = -1;//Set to nothing
        -: 1028:        }
        -: 1029:        //Backup hand
        -: 1030:
        -: 1031:        //Update Coins for Buy
    #####: 1032:        updateCoins(currentPlayer, state, 5);
call    0 never executed
    #####: 1033:        x = 1;//Condition to loop on
    #####: 1034:        while( x == 1) {//Buy one card
branch  0 never executed
branch  1 never executed
    #####: 1035:            if (supplyCount(choice1, state) <= 0) {
call    0 never executed
branch  1 never executed
branch  2 never executed
        -: 1036:                if (DEBUG)
        -: 1037:                    printf("None of that card left, sorry!\n");
        -: 1038:
        -: 1039:                if (DEBUG) {
        -: 1040:                    printf("Cards Left: %d\n", supplyCount(choice1, state));
        -: 1041:                }
        -: 1042:            }
    #####: 1043:            else if (state->coins < getCost(choice1)) {
call    0 never executed
branch  1 never executed
branch  2 never executed
    #####: 1044:                printf("That card is too expensive!\n");
call    0 never executed
        -: 1045:
        -: 1046:                if (DEBUG) {
        -: 1047:                    printf("Coins: %d < %d\n", state->coins, getCost(choice1));
        -: 1048:                }
        -: 1049:            }
        -: 1050:            else {
        -: 1051:
        -: 1052:                if (DEBUG) {
        -: 1053:                    printf("Deck Count: %d\n", state->handCount[currentPlayer] + state->deckCount[currentPlayer] + state->discardCount[currentPlayer]);
        -: 1054:                }
        -: 1055:
    #####: 1056:                gainCard(choice1, state, 0, currentPlayer);//Gain the card
call    0 never executed
    #####: 1057:                x = 0;//No more buying cards
        -: 1058:
        -: 1059:                if (DEBUG) {
        -: 1060:                    printf("Deck Count: %d\n", state->handCount[currentPlayer] + state->deckCount[currentPlayer] + state->discardCount[currentPlayer]);
        -: 1061:                }
        -: 1062:
        -: 1063:            }
        -: 1064:        }
        -: 1065:
        -: 1066:        //Reset Hand
    #####: 1067:        for (i = 0; i <= state->handCount[currentPlayer]; i++) {
branch  0 never executed
branch  1 never executed
    #####: 1068:            state->hand[currentPlayer][i] = temphand[i];
    #####: 1069:            temphand[i] = -1;
        -: 1070:        }
        -: 1071:        //Reset Hand
        -: 1072:
    #####: 1073:        return 0;
        -: 1074:
        -: 1075:    case gardens:
    #####: 1076:        return -1;
        -: 1077:
        -: 1078:    case mine:
    #####: 1079:        return doMine(choice1, choice2, state, handPos, currentPlayer);
call    0 never executed
        -: 1080:
        -: 1081:    case remodel:
    #####: 1082:        j = state->hand[currentPlayer][choice1];  //store card we will trash
        -: 1083:
    #####: 1084:        if ( (getCost(state->hand[currentPlayer][choice1]) + 2) > getCost(choice2) )
call    0 never executed
call    1 never executed
branch  2 never executed
branch  3 never executed
        -: 1085:        {
    #####: 1086:            return -1;
        -: 1087:        }
        -: 1088:
    #####: 1089:        gainCard(choice2, state, 0, currentPlayer);
call    0 never executed
        -: 1090:
        -: 1091:        //discard card from hand
    #####: 1092:        discardCard(handPos, currentPlayer, state, 0);
call    0 never executed
        -: 1093:
        -: 1094:        //discard trashed card
    #####: 1095:        for (i = 0; i < state->handCount[currentPlayer]; i++)
branch  0 never executed
branch  1 never executed
        -: 1096:        {
    #####: 1097:            if (state->hand[currentPlayer][i] == j)
branch  0 never executed
branch  1 never executed
        -: 1098:            {
    #####: 1099:                discardCard(i, currentPlayer, state, 0);
call    0 never executed
    #####: 1100:                break;
        -: 1101:            }
        -: 1102:        }
        -: 1103:
        -: 1104:
    #####: 1105:        return 0;
        -: 1106:
        -: 1107:    case smithy:
        -: 1108:        //+3 Cards
    #####: 1109:        for (i = 0; i < 3; i++)
branch  0 never executed
branch  1 never executed
        -: 1110:        {
    #####: 1111:            drawCard(currentPlayer, state);
call    0 never executed
        -: 1112:        }
        -: 1113:
        -: 1114:        //discard card from hand
    #####: 1115:        discardCard(handPos, currentPlayer, state, 0);
call    0 never executed
    #####: 1116:        return 0;
        -: 1117:
        -: 1118:    case village:
        -: 1119:        //+1 Card
    #####: 1120:        drawCard(currentPlayer, state);
call    0 never executed
        -: 1121:
        -: 1122:        //+2 Actions
    #####: 1123:        state->numActions = state->numActions + 2;
        -: 1124:
        -: 1125:        //discard played card from hand
    #####: 1126:        discardCard(handPos, currentPlayer, state, 0);
call    0 never executed
    #####: 1127:        return 0;
        -: 1128:
        -: 1129:    case baron:
    #####: 1130:        doBaron(choice1, state, currentPlayer);
call    0 never executed
    #####: 1131:        return 0;
        -: 1132:
        -: 1133:    case great_hall:
        -: 1134:        //+1 Card
    #####: 1135:        drawCard(currentPlayer, state);
call    0 never executed
        -: 1136:
        -: 1137:        //+1 Actions
    #####: 1138:        state->numActions++;
        -: 1139:
        -: 1140:        //discard card from hand
    #####: 1141:        discardCard(handPos, currentPlayer, state, 0);
call    0 never executed
    #####: 1142:        return 0;
        -: 1143:
        -: 1144:    case minion:
    #####: 1145:        doMinion(choice1, choice2, state, handPos, currentPlayer);
call    0 never executed
    #####: 1146:        return 0;
        -: 1147:
        -: 1148:    case steward:
    #####: 1149:        if (choice1 == 1)
branch  0 never executed
branch  1 never executed
        -: 1150:        {
        -: 1151:            //+2 cards
    #####: 1152:            drawCard(currentPlayer, state);
call    0 never executed
    #####: 1153:            drawCard(currentPlayer, state);
call    0 never executed
        -: 1154:        }
    #####: 1155:        else if (choice1 == 2)
branch  0 never executed
branch  1 never executed
        -: 1156:        {
        -: 1157:            //+2 coins
    #####: 1158:            state->coins = state->coins + 2;
        -: 1159:        }
        -: 1160:        else
        -: 1161:        {
        -: 1162:            //trash 2 cards in hand
    #####: 1163:            discardCard(choice2, currentPlayer, state, 1);
call    0 never executed
    #####: 1164:            discardCard(choice3, currentPlayer, state, 1);
call    0 never executed
        -: 1165:        }
        -: 1166:
        -: 1167:        //discard card from hand
    #####: 1168:        discardCard(handPos, currentPlayer, state, 0);
call    0 never executed
    #####: 1169:        return 0;
        -: 1170:
        -: 1171:    case tribute:
    #####: 1172:        doTribute(state, currentPlayer, nextPlayer, tributeRevealedCards);
call    0 never executed
    #####: 1173:        return 0;
        -: 1174:
        -: 1175:    case ambassador:
    #####: 1176:        return doAmbassador(choice1, choice2, state, handPos, currentPlayer);
call    0 never executed
        -: 1177:
        -: 1178:    case cutpurse:
        -: 1179:
    #####: 1180:        updateCoins(currentPlayer, state, 2);
call    0 never executed
    #####: 1181:        for (i = 0; i < state->numPlayers; i++)
branch  0 never executed
branch  1 never executed
        -: 1182:        {
    #####: 1183:            if (i != currentPlayer)
branch  0 never executed
branch  1 never executed
        -: 1184:            {
    #####: 1185:                for (j = 0; j < state->handCount[i]; j++)
branch  0 never executed
branch  1 never executed
        -: 1186:                {
    #####: 1187:                    if (state->hand[i][j] == copper)
branch  0 never executed
branch  1 never executed
        -: 1188:                    {
    #####: 1189:                        discardCard(j, i, state, 0);
call    0 never executed
    #####: 1190:                        break;
        -: 1191:                    }
    #####: 1192:                    if (j == state->handCount[i])
branch  0 never executed
branch  1 never executed
        -: 1193:                    {
    #####: 1194:                        for (k = 0; k < state->handCount[i]; k++)
branch  0 never executed
branch  1 never executed
        -: 1195:                        {
        -: 1196:                            if (DEBUG)
        -: 1197:                                printf("Player %d reveals card number %d\n", i, state->hand[i][k]);
        -: 1198:                        }
    #####: 1199:                        break;
        -: 1200:                    }
        -: 1201:                }
        -: 1202:
        -: 1203:            }
        -: 1204:
        -: 1205:        }
        -: 1206:
        -: 1207:        //discard played card from hand
    #####: 1208:        discardCard(handPos, currentPlayer, state, 0);
call    0 never executed
        -: 1209:
    #####: 1210:        return 0;
        -: 1211:
        -: 1212:
        -: 1213:    case embargo:
        -: 1214:        //+2 Coins
    #####: 1215:        state->coins = state->coins + 2;
        -: 1216:
        -: 1217:        //see if selected pile is in play
    #####: 1218:        if ( state->supplyCount[choice1] == -1 )
branch  0 never executed
branch  1 never executed
        -: 1219:        {
    #####: 1220:            return -1;
        -: 1221:        }
        -: 1222:
        -: 1223:        //add embargo token to selected supply pile
    #####: 1224:        state->embargoTokens[choice1]++;
        -: 1225:
        -: 1226:        //trash card
    #####: 1227:        discardCard(handPos, currentPlayer, state, 1);
call    0 never executed
    #####: 1228:        return 0;
        -: 1229:
        -: 1230:    case outpost:
        -: 1231:        //set outpost flag
    #####: 1232:        state->outpostPlayed++;
        -: 1233:
        -: 1234:        //discard card
    #####: 1235:        discardCard(handPos, currentPlayer, state, 0);
call    0 never executed
    #####: 1236:        return 0;
        -: 1237:
        -: 1238:    case salvager:
        -: 1239:        //+1 buy
    #####: 1240:        state->numBuys++;
        -: 1241:
    #####: 1242:        if (choice1)
branch  0 never executed
branch  1 never executed
        -: 1243:        {
        -: 1244:            //gain coins equal to trashed card
    #####: 1245:            state->coins = state->coins + getCost( handCard(choice1, state) );
call    0 never executed
call    1 never executed
        -: 1246:            //trash card
    #####: 1247:            discardCard(choice1, currentPlayer, state, 1);
call    0 never executed
        -: 1248:        }
        -: 1249:
        -: 1250:        //discard card
    #####: 1251:        discardCard(handPos, currentPlayer, state, 0);
call    0 never executed
    #####: 1252:        return 0;
        -: 1253:
        -: 1254:    case sea_hag:
    #####: 1255:        for (i = 0; i < state->numPlayers; i++) {
branch  0 never executed
branch  1 never executed
    #####: 1256:            if (i != currentPlayer) {
branch  0 never executed
branch  1 never executed
    #####: 1257:                state->discard[i][state->discardCount[i]] = state->deck[i][state->deckCount[i]--];
    #####: 1258:                state->deckCount[i]--;
    #####: 1259:                state->discardCount[i]++;
    #####: 1260:                state->deck[i][state->deckCount[i]--] = curse;//Top card now a curse
        -: 1261:            }
        -: 1262:        }
    #####: 1263:        return 0;
        -: 1264:
        -: 1265:    case treasure_map:
        -: 1266:        //search hand for another treasure_map
    #####: 1267:        index = -1;
    #####: 1268:        for (i = 0; i < state->handCount[currentPlayer]; i++)
branch  0 never executed
branch  1 never executed
        -: 1269:        {
    #####: 1270:            if (state->hand[currentPlayer][i] == treasure_map && i != handPos)
branch  0 never executed
branch  1 never executed
branch  2 never executed
branch  3 never executed
        -: 1271:            {
    #####: 1272:                index = i;
    #####: 1273:                break;
        -: 1274:            }
        -: 1275:        }
    #####: 1276:        if (index > -1)
branch  0 never executed
branch  1 never executed
        -: 1277:        {
        -: 1278:            //trash both treasure cards
    #####: 1279:            discardCard(handPos, currentPlayer, state, 1);
call    0 never executed
    #####: 1280:            discardCard(index, currentPlayer, state, 1);
call    0 never executed
        -: 1281:
        -: 1282:            //gain 4 Gold cards
    #####: 1283:            for (i = 0; i < 4; i++)
branch  0 never executed
branch  1 never executed
        -: 1284:            {
    #####: 1285:                gainCard(gold, state, 1, currentPlayer);
call    0 never executed
        -: 1286:            }
        -: 1287:
        -: 1288:            //return success
    #####: 1289:            return 1;
        -: 1290:        }
        -: 1291:
        -: 1292:        //no second treasure_map found in hand
    #####: 1293:        return -1;
        -: 1294:    }
        -: 1295:
    #####: 1296:    return -1;
        -: 1297:}
        -: 1298:
function discardCard called 4343683 returned 100% blocks executed 100%
  4343683: 1299:int discardCard(int handPos, int currentPlayer, struct gameState *state, int trashFlag)
        -: 1300:{
        -: 1301:
        -: 1302:    //if card is not trashed, added to Played pile
  4343683: 1303:    if (trashFlag < 1)
branch  0 taken 100% (fallthrough)
branch  1 taken 0%
        -: 1304:    {
        -: 1305:        //add card to played pile
  4343683: 1306:        state->playedCards[state->playedCardCount] = state->hand[currentPlayer][handPos];
  4343683: 1307:        state->playedCardCount++;
        -: 1308:    }
        -: 1309:
        -: 1310:    //set played card to -1
  4343683: 1311:    state->hand[currentPlayer][handPos] = -1;
        -: 1312:
        -: 1313:    //remove card from player's hand
  4343683: 1314:    if ( handPos == (state->handCount[currentPlayer] - 1) ) 	//last card in hand array is played
branch  0 taken 17% (fallthrough)
branch  1 taken 83%
        -: 1315:    {
        -: 1316:        //reduce number of cards in hand
   739365: 1317:        state->handCount[currentPlayer]--;
        -: 1318:    }
  3604318: 1319:    else if ( state->handCount[currentPlayer] == 1 ) //only one card in hand
branch  0 taken 16% (fallthrough)
branch  1 taken 84%
        -: 1320:    {
        -: 1321:        //reduce number of cards in hand
   575003: 1322:        state->handCount[currentPlayer]--;
        -: 1323:    }
        -: 1324:    else
        -: 1325:    {
        -: 1326:        //replace discarded card with last card in hand
  3029315: 1327:        state->hand[currentPlayer][handPos] = state->hand[currentPlayer][ (state->handCount[currentPlayer] - 1)];
        -: 1328:        //set last card to -1
  3029315: 1329:        state->hand[currentPlayer][state->handCount[currentPlayer] - 1] = -1;
        -: 1330:        //reduce number of cards in hand
  3029315: 1331:        state->handCount[currentPlayer]--;
        -: 1332:    }
        -: 1333:
  4343683: 1334:    return 0;
        -: 1335:}
        -: 1336:
function gainCard called 556409 returned 100% blocks executed 70%
   556409: 1337:int gainCard(int supplyPos, struct gameState *state, int toFlag, int player)
        -: 1338:{
        -: 1339:    //Note: supplyPos is enum of choosen card
        -: 1340:
        -: 1341:    //check if supply pile is empty (0) or card is not used in game (-1)
   556409: 1342:    if ( supplyCount(supplyPos, state) < 1 )
call    0 returned 100%
branch  1 taken 0% (fallthrough)
branch  2 taken 100%
        -: 1343:    {
    #####: 1344:        return -1;
        -: 1345:    }
        -: 1346:
        -: 1347:    //added card for [whoseTurn] current player:
        -: 1348:    // toFlag = 0 : add to discard
        -: 1349:    // toFlag = 1 : add to deck
        -: 1350:    // toFlag = 2 : add to hand
        -: 1351:
   556409: 1352:    if (toFlag == 1)
branch  0 taken 0% (fallthrough)
branch  1 taken 100%
        -: 1353:    {
    #####: 1354:        state->deck[ player ][ state->deckCount[player] ] = supplyPos;
    #####: 1355:        state->deckCount[player]++;
        -: 1356:    }
   556409: 1357:    else if (toFlag == 2)
branch  0 taken 0% (fallthrough)
branch  1 taken 100%
        -: 1358:    {
    #####: 1359:        state->hand[ player ][ state->handCount[player] ] = supplyPos;
    #####: 1360:        state->handCount[player]++;
        -: 1361:    }
        -: 1362:    else
        -: 1363:    {
   556409: 1364:        state->discard[player][ state->discardCount[player] ] = supplyPos;
   556409: 1365:        state->discardCount[player]++;
        -: 1366:    }
        -: 1367:
        -: 1368:    //decrease number in supply pile
   556409: 1369:    state->supplyCount[supplyPos]--;
        -: 1370:
   556409: 1371:    return 0;
        -: 1372:}
        -: 1373:
function updateCoins called 4147100 returned 100% blocks executed 100%
  4147100: 1374:int updateCoins(int player, struct gameState *state, int bonus)
        -: 1375:{
        -: 1376:    int i;
        -: 1377:
        -: 1378:    //reset coin count
  4147100: 1379:    state->coins = 0;
        -: 1380:
        -: 1381:    //add coins for each Treasure card in player's hand
 18253150: 1382:    for (i = 0; i < state->handCount[player]; i++)
branch  0 taken 77%
branch  1 taken 23% (fallthrough)
        -: 1383:    {
 14106050: 1384:        if (state->hand[player][i] == copper)
branch  0 taken 45% (fallthrough)
branch  1 taken 55%
        -: 1385:        {
  6412512: 1386:            state->coins += 1;
        -: 1387:        }
  7693538: 1388:        else if (state->hand[player][i] == silver)
branch  0 taken 2% (fallthrough)
branch  1 taken 98%
        -: 1389:        {
   191917: 1390:            state->coins += 2;
        -: 1391:        }
  7501621: 1392:        else if (state->hand[player][i] == gold)
branch  0 taken 3% (fallthrough)
branch  1 taken 97%
        -: 1393:        {
   192262: 1394:            state->coins += 3;
        -: 1395:        }
        -: 1396:    }
        -: 1397:
        -: 1398:    //add bonus
  4147100: 1399:    state->coins += bonus;
        -: 1400:
  4147100: 1401:    return 0;
        -: 1402:}
        -: 1403:
        -: 1404:
        -: 1405://end of dominion.c
